<?xml version="1.0" encoding="utf-8"?><testsuites name="pytest tests"><testsuite name="pytest" errors="0" failures="0" skipped="0" tests="23" time="8.050" timestamp="2026-07-08T08:41:01.526421+00:00" hostname="agent-env-be657c7d-a359-4ed6-83fd-087fa5081aac"><testcase classname="tests.test_aquasentinel_backend.TestHealth" name="test_public_health" time="0.139" /><testcase classname="tests.test_aquasentinel_backend.TestHealth" name="test_ready" time="0.174" /><testcase classname="tests.test_aquasentinel_backend.TestHealth" name="test_system_requires_auth" time="0.538" /><testcase classname="tests.test_aquasentinel_backend.TestAuth" name="test_login_sets_cookie" time="0.331" /><testcase classname="tests.test_aquasentinel_backend.TestAuth" name="test_wrong_password" time="0.317" /><testcase classname="tests.test_aquasentinel_backend.TestAuth" name="test_me" time="0.128" /><testcase classname="tests.test_aquasentinel_backend.TestSensors" name="test_list_sensors" time="0.096" /><testcase classname="tests.test_aquasentinel_backend.TestIngest" name="test_wrong_device_key_401" time="0.102" /><testcase classname="tests.test_aquasentinel_backend.TestIngest" name="test_ingest_and_idempotency" time="0.227" /><testcase classname="tests.test_aquasentinel_backend.TestIngest" name="test_out_of_range_qc_flags" time="0.113" /><testcase classname="tests.test_aquasentinel_backend.TestTelemetryQuery" name="test_query_telemetry" time="0.144" /><testcase classname="tests.test_aquasentinel_backend.TestTelemetryQuery" name="test_export_csv" time="0.175" /><testcase classname="tests.test_aquasentinel_backend.TestTelemetryQuery" name="test_export_geojson" time="0.096" /><testcase classname="tests.test_aquasentinel_backend.TestAlerts" name="test_list_alerts" time="0.096" /><testcase classname="tests.test_aquasentinel_backend.TestAlerts" name="test_viewer_cannot_ack" time="0.516" /><testcase classname="tests.test_aquasentinel_backend.TestDeviceCommands" name="test_issue_command_and_auto_ack" time="2.336" /><testcase classname="tests.test_aquasentinel_backend.TestSimulation" name="test_status" time="0.098" /><testcase classname="tests.test_aquasentinel_backend.TestSimulation" name="test_viewer_cannot_control" time="0.100" /><testcase classname="tests.test_aquasentinel_backend.TestSimulation" name="test_stop_start" time="1.186" /><testcase classname="tests.test_aquasentinel_backend.TestAudit" name="test_ops_can_view" time="0.428" /><testcase classname="tests.test_aquasentinel_backend.TestAudit" name="test_viewer_denied" time="0.096" /><testcase classname="tests.test_aquasentinel_backend.TestAdminUsers" name="test_create_and_role_change" time="0.426" /><testcase classname="tests.test_aquasentinel_backend.TestAdminUsers" name="test_viewer_cannot_create" time="0.095" /></testsuite></testsuites>